TN:
SF:src/auth.js
FN:10,login
FN:14,(anonymous_1)
FN:24,createUser
FN:25,(anonymous_3)
FN:36,changePassword
FN:37,(anonymous_5)
FNF:6
FNH:6
FNDA:2,login
FNDA:2,(anonymous_1)
FNDA:4,createUser
FNDA:4,(anonymous_3)
FNDA:2,changePassword
FNDA:2,(anonymous_5)
DA:1,1
DA:3,1
DA:8,1
DA:11,2
DA:12,0
DA:14,2
DA:15,2
DA:16,0
DA:18,2
DA:19,1
DA:21,1
DA:25,4
DA:26,2
DA:28,2
DA:29,1
DA:31,1
DA:32,1
DA:33,1
DA:37,2
DA:38,2
DA:39,0
DA:41,2
DA:42,1
DA:44,1
DA:45,0
DA:47,1
DA:48,0
DA:50,1
DA:51,1
DA:54,1
LF:30
LH:25
BRDA:11,0,0,0
BRDA:11,0,1,2
BRDA:11,1,0,2
BRDA:11,1,1,2
BRDA:15,2,0,0
BRDA:15,2,1,2
BRDA:18,3,0,1
BRDA:18,3,1,1
BRDA:25,4,0,2
BRDA:25,4,1,2
BRDA:28,5,0,1
BRDA:28,5,1,1
BRDA:38,6,0,0
BRDA:38,6,1,2
BRDA:41,7,0,1
BRDA:41,7,1,1
BRDA:44,8,0,0
BRDA:44,8,1,1
BRDA:47,9,0,0
BRDA:47,9,1,1
BRF:20
BRH:15
end_of_record
TN:
SF:src/user.js
FN:2,(anonymous_0)
FNF:1
FNH:1
FNDA:5,(anonymous_0)
DA:3,5
DA:4,5
DA:8,2
LF:3
LH:3
BRF:0
BRH:0
end_of_record
